\BOOKMARK [0][-]{section*.1}{\376\377\000C\000o\000n\000t\000e\000n\000t\000s}{}% 1
\BOOKMARK [0][-]{section*.2}{\376\377\000L\000i\000s\000t\000\040\000o\000f\000\040\000F\000i\000g\000u\000r\000e\000s}{}% 2
\BOOKMARK [0][-]{chapter*.3}{\376\377\000I\000n\000t\000r\000o\000d\000u\000c\000t\000i\000o\000n}{}% 3
\BOOKMARK [1][-]{section*.4}{\376\377\000W\000h\000a\000t\000\040\000i\000s\000\040\000i\000n\000\040\000t\000h\000e\000\040\000b\000o\000o\000k}{chapter*.3}% 4
\BOOKMARK [1][-]{section*.5}{\376\377\000H\000o\000w\000\040\000m\000u\000c\000h\000\040\000t\000o\000p\000i\000c\000\040\000i\000s\000\040\000c\000o\000v\000e\000r\000e\000d\000?}{chapter*.3}% 5
\BOOKMARK [0][-]{chapter.1}{\376\377\000I\000n\000t\000r\000o\000d\000u\000c\000t\000i\000o\000n\000\040\000t\000o\000\040\000A\000r\000t\000i\000f\000i\000c\000i\000a\000l\000\040\000I\000n\000t\000e\000l\000l\000i\000g\000e\000n\000c\000e}{}% 6
\BOOKMARK [1][-]{section.1.1}{\376\377\000H\000i\000s\000t\000o\000r\000y\000\040\000o\000f\000\040\000a\000r\000t\000i\000f\000i\000c\000i\000a\000l\000\040\000i\000n\000t\000e\000l\000l\000i\000g\000e\000n\000c\000e}{chapter.1}% 7
\BOOKMARK [2][-]{subsection.1.1.1}{\376\377\000R\000o\000u\000g\000h\000l\000y\000,\000\040\000a\000r\000t\000i\000f\000i\000c\000i\000a\000l\000\040\000i\000n\000t\000e\000l\000l\000i\000g\000e\000n\000c\000e}{section.1.1}% 8
\BOOKMARK [2][-]{subsection.1.1.2}{\376\377\000T\000h\000e\000\040\000t\000h\000e\000m\000e\000s\000\040\000o\000f\000\040\000A\000I}{section.1.1}% 9
\BOOKMARK [2][-]{subsection.1.1.3}{\376\377\000P\000r\000e\000c\000u\000r\000s\000o\000r\000\040\000-\000\040\000F\000r\000o\000m\000\040\000t\000h\000e\000\040\000a\000n\000c\000i\000e\000n\000t\000\040\000t\000i\000m\000e\000\040\000t\000o\000\040\0001\0008\000t\000h\000\040\000c\000e\000n\000t\000u\000r\000y}{section.1.1}% 10
\BOOKMARK [2][-]{subsection.1.1.4}{\376\377\000T\000h\000e\000\040\0001\0009\0004\0000\000s}{section.1.1}% 11
\BOOKMARK [2][-]{subsection.1.1.5}{\376\377\000T\000h\000e\000\040\0001\0009\0005\0000\000s\000\040\000t\000o\000\040\0001\0009\0006\0000\000s}{section.1.1}% 12
\BOOKMARK [2][-]{subsection.1.1.6}{\376\377\000T\000h\000e\000\040\000f\000i\000r\000s\000t\000\040\000A\000I\000\040\000w\000i\000n\000t\000e\000r\000\040\000\050\0001\0009\0006\0006\000-\0001\0009\0007\0003\000\051}{section.1.1}% 13
\BOOKMARK [2][-]{subsection.1.1.7}{\376\377\000K\000n\000o\000w\000l\000e\000d\000g\000e\000-\000b\000a\000s\000e\000d\000\040\000s\000y\000s\000t\000e\000m\000s\000\040\000-\000\040\000e\000x\000p\000e\000r\000t\000\040\000s\000y\000s\000t\000e\000m\000\040\000\050\0001\0009\0006\0009\000-\0001\0009\0007\0009\000\051}{section.1.1}% 14
\BOOKMARK [2][-]{subsection.1.1.8}{\376\377\000N\000e\000u\000r\000a\000l\000\040\000n\000e\000t\000w\000o\000r\000k\000,\000\040\000t\000h\000e\000\040\000r\000e\000t\000u\000r\000n\000\040\000\050\0001\0009\0008\0006\000\051}{section.1.1}% 15
\BOOKMARK [2][-]{subsection.1.1.9}{\376\377\000A\000d\000o\000p\000t\000i\000o\000n\000\040\000o\000f\000\040\000s\000c\000i\000e\000n\000t\000i\000f\000i\000c\000\040\000m\000e\000t\000h\000o\000d\000\040\000\050\0001\0009\0008\0007\000\051}{section.1.1}% 16
\BOOKMARK [2][-]{subsection.1.1.10}{\376\377\000I\000n\000t\000e\000l\000l\000i\000g\000e\000n\000t\000\040\000a\000g\000e\000n\000t\000s\000\040\000\050\0001\0009\0009\0005\000\051}{section.1.1}% 17
\BOOKMARK [2][-]{subsection.1.1.11}{\376\377\000T\000h\000e\000\040\000r\000e\000v\000o\000l\000u\000t\000i\000o\000n\000\040\000o\000f\000\040\000I\000n\000t\000e\000r\000n\000e\000t\000\040\000\050\0002\0000\0000\0001\000\051}{section.1.1}% 18
\BOOKMARK [1][-]{section.1.2}{\376\377\000D\000e\000f\000i\000n\000i\000n\000g\000\040\000i\000n\000t\000e\000l\000l\000i\000g\000e\000n\000c\000e}{chapter.1}% 19
\BOOKMARK [2][-]{subsection.1.2.1}{\376\377\000H\000i\000s\000t\000o\000r\000i\000c\000a\000l\000\040\000a\000c\000c\000o\000u\000n\000t\000s}{section.1.2}% 20
\BOOKMARK [2][-]{subsection.1.2.2}{\376\377\000T\000h\000e\000\040\000D\000e\000s\000c\000a\000r\000t\000e\000s\000\040\000e\000x\000p\000e\000r\000i\000m\000e\000n\000t\000s}{section.1.2}% 21
\BOOKMARK [2][-]{subsection.1.2.3}{\376\377\000T\000h\000e\000\040\000e\000c\000o\000n\000o\000m\000i\000c\000\040\000o\000f\000\040\000d\000e\000f\000i\000n\000i\000e\000n\000d\000u\000m}{section.1.2}% 22
\BOOKMARK [1][-]{section.1.3}{\376\377\000F\000o\000r\000m\000a\000l\000i\000z\000i\000n\000g\000\040\000a\000r\000t\000i\000f\000i\000c\000i\000a\000l\000\040\000i\000n\000t\000e\000l\000l\000i\000g\000e\000n\000c\000e\000\040\000-\000\040\000a\000n\000\040\000a\000t\000t\000e\000m\000p\000t}{chapter.1}% 23
\BOOKMARK [1][-]{section.1.4}{\376\377\000P\000h\000i\000l\000o\000s\000o\000p\000h\000i\000c\000a\000l\000\040\000a\000r\000g\000u\000m\000e\000n\000t\000s\000\040\000a\000g\000a\000i\000n\000s\000t\000\040\000A\000I}{chapter.1}% 24
\BOOKMARK [2][-]{subsection.1.4.1}{\376\377\000D\000e\000s\000c\000a\000r\000t\000e\000s\000'\000s\000\040\000a\000r\000g\000u\000m\000e\000n\000t\000\040\000\050\0001\0007\0000\0000\000s\000\051}{section.1.4}% 25
\BOOKMARK [2][-]{subsection.1.4.2}{\376\377\000C\000a\000t\000e\000g\000o\000r\000i\000z\000a\000t\000i\000o\000n\000\040\000-\000\040\000S\000t\000r\000o\000n\000g\000\040\000a\000n\000d\000\040\000w\000e\000a\000k\000\040\000A\000I\000\040\000\050\0001\0009\0009\0001\000\051}{section.1.4}% 26
\BOOKMARK [2][-]{subsection.1.4.3}{\376\377\000T\000h\000e\000\040\000C\000h\000i\000n\000e\000s\000e\000\040\000R\000o\000o\000m\000\040\000A\000r\000g\000u\000m\000e\000n\000t\000\040\000\050\0001\0009\0008\0000\000s\000\051}{section.1.4}% 27
\BOOKMARK [2][-]{subsection.1.4.4}{\376\377\000T\000h\000e\000\040\000G\000\366\000d\000e\000l\000i\000a\000n\000\040\000a\000r\000g\000u\000m\000e\000n\000t\000\040\000\050\0001\0009\0006\0001\000\051}{section.1.4}% 28
\BOOKMARK [-1][-]{part.1}{\376\377\000I\000\040\000P\000r\000e\000l\000i\000m\000i\000n\000a\000r\000y}{}% 29
\BOOKMARK [0][-]{chapter.2}{\376\377\000F\000o\000u\000n\000d\000a\000t\000i\000o\000n\000a\000l\000\040\000m\000a\000t\000h\000e\000m\000a\000t\000i\000c\000s}{part.1}% 30
\BOOKMARK [1][-]{section.2.1}{\376\377\000E\000l\000e\000m\000e\000n\000t\000a\000r\000y\000\040\000l\000o\000g\000i\000c\000s}{chapter.2}% 31
\BOOKMARK [2][-]{subsection.2.1.1}{\376\377\000T\000h\000e\000\040\000P\000r\000o\000p\000o\000s\000i\000t\000i\000o\000n\000a\000l\000\040\000l\000o\000g\000i\000c\000s}{section.2.1}% 32
\BOOKMARK [2][-]{subsection.2.1.2}{\376\377\000F\000r\000o\000m\000\040\000f\000r\000a\000m\000e\000s\000\040\000t\000o\000\040\000s\000t\000a\000t\000e\000m\000e\000n\000t\000s}{section.2.1}% 33
\BOOKMARK [2][-]{subsection.2.1.3}{\376\377\000C\000h\000a\000r\000a\000c\000t\000e\000r\000i\000z\000a\000t\000i\000o\000n}{section.2.1}% 34
\BOOKMARK [2][-]{subsection.2.1.4}{\376\377\000R\000e\000s\000t\000r\000i\000c\000t\000e\000d\000\040\000v\000a\000r\000i\000a\000b\000l\000e\000s}{section.2.1}% 35
\BOOKMARK [1][-]{section.2.2}{\376\377\000N\000a\000i\000v\000e\000\040\000s\000e\000t\000\040\000t\000h\000e\000o\000r\000y}{chapter.2}% 36
\BOOKMARK [2][-]{subsection.2.2.1}{\376\377\000D\000e\000\040\000M\000o\000r\000g\000a\000n\000'\000s\000\040\000t\000h\000e\000o\000r\000e\000m}{section.2.2}% 37
\BOOKMARK [1][-]{section.2.3}{\376\377\000F\000o\000r\000m\000a\000l\000\040\000s\000e\000t\000\040\000t\000h\000e\000o\000r\000y}{chapter.2}% 38
\BOOKMARK [2][-]{subsection.2.3.1}{\376\377\000A\000n\000\040\000i\000n\000f\000o\000r\000m\000a\000l\000\040\000v\000i\000e\000w\000\040\000o\000n\000\040\000s\000e\000t\000s}{section.2.3}% 39
\BOOKMARK [2][-]{subsection.2.3.2}{\376\377\000C\000l\000a\000s\000s\000e\000s}{section.2.3}% 40
\BOOKMARK [2][-]{subsection.2.3.3}{\376\377\000A\000x\000i\000o\000m\000a\000t\000i\000z\000a\000t\000i\000o\000n\000s}{section.2.3}% 41
\BOOKMARK [1][-]{section.2.4}{\376\377\000O\000r\000d\000e\000r\000e\000d\000\040\000p\000a\000i\000r\000s\000\040\000a\000n\000d\000\040\000r\000e\000l\000a\000t\000i\000o\000n\000s}{chapter.2}% 42
\BOOKMARK [2][-]{subsection.2.4.1}{\376\377\000E\000q\000u\000i\000v\000a\000l\000e\000n\000c\000e\000\040\000r\000e\000l\000a\000t\000i\000o\000n\000s}{section.2.4}% 43
\BOOKMARK [1][-]{section.2.5}{\376\377\000F\000u\000n\000c\000t\000i\000o\000n\000s}{chapter.2}% 44
\BOOKMARK [1][-]{section.2.6}{\376\377\000P\000r\000o\000d\000u\000c\000t\000\040\000s\000e\000t\000s\000,\000\040\000i\000n\000d\000e\000x\000\040\000n\000o\000t\000a\000t\000i\000o\000n}{chapter.2}% 45
\BOOKMARK [0][-]{chapter.3}{\376\377\000L\000i\000n\000e\000a\000r\000\040\000a\000l\000g\000e\000b\000r\000a}{part.1}% 46
\BOOKMARK [1][-]{section.3.1}{\376\377\000N\000o\000t\000a\000t\000i\000o\000n\000\040\000a\000n\000d\000\040\000s\000t\000r\000u\000c\000t\000u\000r\000e}{chapter.3}% 47
\BOOKMARK [2][-]{subsection.3.1.1}{\376\377\000A\000r\000r\000a\000y\000\040\000f\000o\000r\000m}{section.3.1}% 48
\BOOKMARK [1][-]{section.3.2}{\376\377\000V\000e\000c\000t\000o\000r\000s}{chapter.3}% 49
\BOOKMARK [2][-]{subsection.3.2.1}{\376\377\000P\000r\000o\000p\000e\000r\000t\000i\000e\000s\000\040\000o\000f\000\040\000v\000e\000c\000t\000o\000r\000s}{section.3.2}% 50
\BOOKMARK [1][-]{section.3.3}{\376\377\000M\000a\000t\000r\000i\000x}{chapter.3}% 51
\BOOKMARK [2][-]{subsection.3.3.1}{\376\377\000S\000p\000e\000c\000i\000a\000l\000\040\000m\000a\000t\000r\000i\000c\000e\000s\000,\000\040\000o\000p\000e\000r\000a\000t\000i\000o\000n\000s\000,\000\040\000a\000n\000d\000\040\000p\000r\000o\000p\000e\000r\000t\000i\000e\000s}{section.3.3}% 52
\BOOKMARK [0][-]{chapter.4}{\376\377\000P\000r\000o\000b\000a\000b\000i\000l\000i\000t\000y\000\040\000a\000n\000d\000\040\000S\000t\000a\000t\000i\000s\000t\000i\000c\000s}{part.1}% 53
\BOOKMARK [1][-]{section.4.1}{\376\377\000W\000h\000a\000t\000\040\000i\000s\000\040\000p\000r\000o\000b\000a\000b\000i\000l\000i\000t\000y\000?}{chapter.4}% 54
\BOOKMARK [2][-]{subsection.4.1.1}{\376\377\000T\000h\000e\000\040\000f\000u\000n\000d\000a\000m\000e\000n\000t\000a\000l\000\040\000p\000r\000i\000n\000c\000i\000p\000l\000e\000\040\000o\000f\000\040\000p\000r\000o\000b\000a\000b\000i\000l\000i\000t\000y}{section.4.1}% 55
\BOOKMARK [2][-]{subsection.4.1.2}{\376\377\000S\000u\000b\000j\000e\000c\000t\000i\000v\000i\000t\000y\000\040\000o\000f\000\040\000p\000r\000o\000b\000a\000b\000i\000l\000i\000t\000y}{section.4.1}% 56
\BOOKMARK [1][-]{section.4.2}{\376\377\000S\000p\000a\000c\000e\000\040\000o\000f\000\040\000p\000r\000o\000b\000a\000b\000i\000l\000i\000t\000y}{chapter.4}% 57
\BOOKMARK [1][-]{section.4.3}{\376\377\000C\000o\000m\000b\000i\000n\000a\000t\000o\000r\000i\000a\000l\000\040\000p\000r\000o\000b\000a\000b\000i\000l\000i\000t\000y}{chapter.4}% 58
\BOOKMARK [1][-]{section.4.4}{\376\377\000A\000x\000i\000o\000m\000a\000t\000i\000c\000\040\000p\000r\000o\000b\000a\000b\000i\000l\000i\000t\000y}{chapter.4}% 59
\BOOKMARK [2][-]{subsection.4.4.1}{\376\377\000A\000x\000i\000o\000m\000\040\000o\000f\000\040\000p\000r\000o\000b\000a\000b\000i\000l\000i\000t\000y}{section.4.4}% 60
\BOOKMARK [2][-]{subsection.4.4.2}{\376\377\000B\000o\000o\000l\000e\000'\000s\000\040\000i\000n\000e\000q\000u\000a\000l\000i\000t\000y}{section.4.4}% 61
\BOOKMARK [2][-]{subsection.4.4.3}{\376\377\000C\000o\000n\000d\000i\000t\000i\000o\000n\000a\000l\000\040\000p\000r\000o\000b\000a\000b\000i\000l\000i\000t\000y}{section.4.4}% 62
\BOOKMARK [1][-]{section.4.5}{\376\377\000R\000a\000n\000d\000o\000m\000\040\000v\000a\000r\000i\000a\000b\000l\000e\000s}{chapter.4}% 63
\BOOKMARK [1][-]{section.4.6}{\376\377\000E\000x\000p\000e\000c\000t\000e\000d\000\040\000v\000a\000l\000u\000e\000s}{chapter.4}% 64
\BOOKMARK [2][-]{subsection.4.6.1}{\376\377\000V\000a\000r\000i\000a\000n\000c\000e}{section.4.6}% 65
\BOOKMARK [1][-]{section.4.7}{\376\377\000S\000o\000m\000e\000\040\000d\000i\000s\000t\000r\000i\000b\000u\000t\000i\000o\000n\000\040\000f\000u\000n\000c\000t\000i\000o\000n\000s}{chapter.4}% 66
\BOOKMARK [2][-]{subsection.4.7.1}{\376\377\000B\000e\000r\000n\000o\000u\000l\000l\000i\000\040\000a\000n\000d\000\040\000b\000i\000n\000o\000m\000i\000a\000l\000\040\000d\000i\000s\000t\000r\000i\000b\000u\000t\000i\000o\000n}{section.4.7}% 67
\BOOKMARK [2][-]{subsection.4.7.2}{\376\377\000P\000o\000i\000s\000s\000o\000n\000\040\000d\000i\000s\000t\000r\000i\000b\000u\000t\000i\000o\000n}{section.4.7}% 68
\BOOKMARK [2][-]{subsection.4.7.3}{\376\377\000U\000n\000i\000f\000o\000r\000m\000\040\000d\000i\000s\000t\000r\000i\000b\000u\000t\000i\000o\000n}{section.4.7}% 69
\BOOKMARK [2][-]{subsection.4.7.4}{\376\377\000N\000o\000r\000m\000a\000l\000\040\000d\000i\000s\000t\000r\000i\000b\000u\000t\000i\000o\000n}{section.4.7}% 70
\BOOKMARK [2][-]{subsection.4.7.5}{\376\377\000E\000x\000p\000o\000n\000e\000n\000t\000i\000a\000l\000\040\000d\000i\000s\000t\000r\000i\000b\000u\000t\000i\000o\000n}{section.4.7}% 71
\BOOKMARK [2][-]{subsection.4.7.6}{\376\377\000D\000i\000s\000t\000r\000i\000b\000u\000t\000i\000o\000n\000\040\000f\000u\000n\000c\000t\000i\000o\000n\000\040\000o\000f\000\040\000v\000a\000r\000i\000a\000b\000l\000e\000s}{section.4.7}% 72
\BOOKMARK [0][-]{chapter.5}{\376\377\000M\000e\000t\000r\000i\000c\000\040\000s\000p\000a\000c\000e\000s\000,\000\040\000m\000e\000a\000s\000u\000r\000e\000\040\000t\000h\000e\000o\000r\000y}{part.1}% 73
\BOOKMARK [1][-]{section.5.1}{\376\377\000M\000e\000t\000r\000i\000c\000\040\000t\000h\000e\000o\000r\000y}{chapter.5}% 74
\BOOKMARK [2][-]{subsection.5.1.1}{\376\377\000P\000s\000e\000u\000d\000o\000m\000e\000t\000r\000i\000c\000\040\000s\000p\000a\000c\000e\000s}{section.5.1}% 75
\BOOKMARK [1][-]{section.5.2}{\376\377\000M\000e\000a\000s\000u\000r\000e}{chapter.5}% 76
\BOOKMARK [2][-]{subsection.5.2.1}{\376\377\000S\000i\000g\000m\000a\000-\000a\000l\000g\000e\000b\000r\000a}{section.5.2}% 77
\BOOKMARK [2][-]{subsection.5.2.2}{\376\377\000A\000\040\000f\000e\000w\000\040\000s\000i\000g\000m\000a\000\040\000a\000l\000g\000e\000b\000r\000a\000s}{section.5.2}% 78
\BOOKMARK [2][-]{subsection.5.2.3}{\376\377\000M\000e\000a\000s\000u\000r\000e}{section.5.2}% 79
\BOOKMARK [0][-]{chapter.6}{\376\377\000C\000o\000n\000c\000e\000n\000t\000r\000a\000t\000i\000o\000n\000\040\000i\000n\000e\000q\000u\000a\000l\000i\000t\000i\000e\000s}{part.1}% 80
\BOOKMARK [1][-]{section.6.1}{\376\377\000W\000h\000a\000t\000\040\000a\000r\000e\000\040\000c\000o\000n\000c\000e\000n\000t\000r\000a\000t\000i\000o\000n\000\040\000i\000n\000e\000q\000u\000a\000l\000i\000t\000i\000e\000s\000?}{chapter.6}% 81
\BOOKMARK [1][-]{section.6.2}{\376\377\000B\000a\000s\000i\000c\000\040\000t\000o\000o\000l\000s}{chapter.6}% 82
\BOOKMARK [2][-]{subsection.6.2.1}{\376\377\000M\000a\000r\000k\000o\000v\000'\000s\000\040\000i\000n\000e\000q\000u\000a\000l\000i\000t\000y}{section.6.2}% 83
\BOOKMARK [2][-]{subsection.6.2.2}{\376\377\000C\000h\000e\000b\000y\000s\000h\000e\000v\000'\000s\000\040\000i\000n\000e\000q\000u\000a\000l\000i\000t\000y}{section.6.2}% 84
\BOOKMARK [2][-]{subsection.6.2.3}{\376\377\000M\000c\000D\000i\000a\000r\000m\000i\000d\000'\000s\000\040\000i\000n\000e\000q\000u\000a\000l\000i\000t\000y}{section.6.2}% 85
\BOOKMARK [-1][-]{part.2}{\376\377\000I\000I\000\040\000T\000h\000e\000o\000r\000y}{}% 86
\BOOKMARK [0][-]{chapter.7}{\376\377\000C\000l\000a\000s\000s\000i\000c\000a\000l\000\040\000m\000a\000t\000h\000e\000m\000a\000t\000i\000c\000a\000l\000\040\000m\000o\000d\000e\000l\000l\000i\000n\000g}{part.2}% 87
\BOOKMARK [1][-]{section.7.1}{\376\377\000T\000h\000e\000\040\000s\000u\000p\000p\000o\000s\000e\000d\000\040\000g\000o\000a\000l\000\040\000o\000f\000\040\000m\000o\000d\000e\000l\000l\000i\000n\000g}{chapter.7}% 88
\BOOKMARK [1][-]{section.7.2}{\376\377\000M\000o\000d\000e\000l\000s\000,\000\040\000s\000y\000s\000t\000e\000m\000s\000,\000\040\000a\000n\000d\000\040\000q\000u\000e\000s\000t\000i\000o\000n\000s}{chapter.7}% 89
\BOOKMARK [2][-]{subsection.7.2.1}{\376\377\000T\000h\000e\000\040\000m\000o\000d\000e\000l\000l\000i\000n\000g\000\040\000s\000c\000h\000e\000m\000e}{section.7.2}% 90
\BOOKMARK [2][-]{subsection.7.2.2}{\376\377\000S\000i\000m\000u\000l\000a\000t\000i\000o\000n}{section.7.2}% 91
\BOOKMARK [2][-]{subsection.7.2.3}{\376\377\000S\000y\000s\000t\000e\000m}{section.7.2}% 92
\BOOKMARK [2][-]{subsection.7.2.4}{\376\377\000C\000o\000n\000c\000e\000p\000t\000u\000a\000l\000\040\000a\000n\000d\000\040\000p\000h\000y\000s\000i\000c\000a\000l\000\040\000m\000o\000d\000e\000l}{section.7.2}% 93
\BOOKMARK [1][-]{section.7.3}{\376\377\000M\000a\000t\000h\000e\000m\000a\000t\000i\000c\000a\000l\000\040\000m\000o\000d\000e\000l\000s}{chapter.7}% 94
\BOOKMARK [2][-]{subsection.7.3.1}{\376\377\000D\000e\000f\000i\000n\000i\000t\000i\000o\000n\000s}{section.7.3}% 95
\BOOKMARK [2][-]{subsection.7.3.2}{\376\377\000S\000t\000a\000t\000e\000\040\000v\000a\000r\000i\000a\000b\000l\000e\000s\000\040\000a\000n\000d\000\040\000s\000y\000s\000t\000e\000m\000\040\000p\000a\000r\000a\000m\000e\000t\000e\000r\000s}{section.7.3}% 96
\BOOKMARK [2][-]{subsection.7.3.3}{\376\377\000T\000h\000e\000\040\000P\000r\000o\000b\000l\000e\000m\000-\000S\000o\000l\000v\000i\000n\000g\000\040\000S\000c\000h\000e\000m\000e}{section.7.3}% 97
\BOOKMARK [2][-]{subsection.7.3.4}{\376\377\000T\000h\000e\000\040\000b\000l\000a\000c\000k\000-\000b\000o\000x\000\040\000i\000n\000t\000e\000r\000p\000r\000e\000t\000a\000t\000i\000o\000n}{section.7.3}% 98
\BOOKMARK [1][-]{section.7.4}{\376\377\000F\000l\000a\000v\000o\000u\000r\000s\000\040\000o\000f\000\040\000m\000o\000d\000e\000l\000l\000i\000n\000g\000\040\000d\000e\000f\000i\000n\000i\000t\000i\000o\000n\000s}{chapter.7}% 99
\BOOKMARK [2][-]{subsection.7.4.1}{\376\377\000P\000h\000e\000n\000o\000m\000e\000n\000o\000l\000o\000g\000y\000\040\000a\000n\000d\000\040\000M\000e\000c\000h\000a\000n\000i\000s\000t\000i\000c}{section.7.4}% 100
\BOOKMARK [2][-]{subsection.7.4.2}{\376\377\000S\000t\000a\000t\000i\000o\000n\000a\000r\000y\000\040\000a\000n\000d\000\040\000u\000n\000s\000t\000a\000t\000i\000o\000n\000a\000r\000y\000\040\000m\000o\000d\000e\000l\000s}{section.7.4}% 101
\BOOKMARK [2][-]{subsection.7.4.3}{\376\377\000C\000l\000a\000s\000s\000i\000f\000i\000c\000a\000t\000i\000o\000n\000\040\000o\000f\000\040\000m\000o\000d\000e\000l\000s}{section.7.4}% 102
\BOOKMARK [1][-]{section.7.5}{\376\377\000T\000h\000e\000\040\000d\000o\000n\000'\000t\000s\000\040\000o\000f\000\040\000m\000a\000t\000h\000e\000m\000a\000t\000i\000c\000a\000l\000\040\000m\000o\000d\000e\000l\000l\000i\000n\000g}{chapter.7}% 103
\BOOKMARK [1][-]{section.7.6}{\376\377\000C\000o\000n\000c\000l\000u\000s\000i\000o\000n}{chapter.7}% 104
\BOOKMARK [1][-]{section.7.7}{\376\377\000A\000p\000p\000e\000n\000d\000i\000x}{chapter.7}% 105
\BOOKMARK [2][-]{subsection.7.7.1}{\376\377\000L\000i\000n\000e\000a\000r\000\040\000p\000r\000o\000g\000r\000a\000m\000m\000i\000n\000g}{section.7.7}% 106
\BOOKMARK [0][-]{chapter.8}{\376\377\000C\000l\000a\000s\000s\000i\000c\000a\000l\000\040\000l\000e\000a\000r\000n\000i\000n\000g\000\040\000t\000h\000e\000o\000r\000y}{part.2}% 107
\BOOKMARK [1][-]{section.8.1}{\376\377\000B\000e\000f\000o\000r\000e\000\040\000t\000h\000e\000\040\000l\000e\000a\000r\000n\000i\000n\000g\000\040\000t\000h\000e\000o\000r\000y}{chapter.8}% 108
\BOOKMARK [1][-]{section.8.2}{\376\377\000C\000l\000a\000s\000s\000i\000c\000a\000l\000\040\000t\000h\000e\000o\000r\000y}{chapter.8}% 109
\BOOKMARK [2][-]{subsection.8.2.1}{\376\377\000P\000r\000i\000n\000c\000i\000p\000l\000e\000s}{section.8.2}% 110
\BOOKMARK [2][-]{subsection.8.2.2}{\376\377\000C\000o\000n\000c\000e\000p\000t\000\040\000a\000n\000d\000\040\000h\000y\000p\000o\000t\000h\000e\000s\000i\000s}{section.8.2}% 111
\BOOKMARK [2][-]{subsection.8.2.3}{\376\377\000P\000h\000e\000n\000o\000m\000e\000n\000o\000l\000o\000g\000i\000c\000a\000l\000\040\000a\000b\000e\000r\000r\000a\000t\000i\000o\000n}{section.8.2}% 112
\BOOKMARK [2][-]{subsection.8.2.4}{\376\377\000E\000s\000t\000i\000m\000a\000t\000i\000o\000n\000\040\000a\000n\000d\000\040\000a\000p\000p\000r\000o\000x\000i\000m\000a\000t\000i\000o\000n\000\040\000e\000r\000r\000o\000r}{section.8.2}% 113
\BOOKMARK [1][-]{section.8.3}{\376\377\000S\000t\000r\000u\000c\000t\000u\000r\000a\000l\000\040\000e\000x\000a\000m\000p\000l\000e\000\040\000o\000f\000\040\000l\000e\000a\000r\000n\000i\000n\000g\000\040\000s\000e\000t\000t\000i\000n\000g}{chapter.8}% 114
\BOOKMARK [2][-]{subsection.8.3.1}{\376\377\000F\000i\000r\000s\000t\000\040\000s\000e\000c\000t\000i\000o\000n}{section.8.3}% 115
\BOOKMARK [2][-]{subsection.8.3.2}{\376\377\000S\000e\000c\000o\000n\000d\000\040\000s\000e\000c\000t\000i\000o\000n}{section.8.3}% 116
\BOOKMARK [2][-]{subsection.8.3.3}{\376\377\000T\000h\000i\000r\000d\000\040\000s\000e\000c\000t\000i\000o\000n}{section.8.3}% 117
\BOOKMARK [1][-]{section.8.4}{\376\377\000T\000h\000e\000\040\000p\000r\000o\000b\000l\000e\000m\000s\000\040\000w\000i\000t\000h\000i\000n\000\040\000c\000l\000a\000s\000s\000i\000c\000a\000l\000\040\000l\000e\000a\000r\000n\000i\000n\000g\000\040\000t\000h\000e\000o\000r\000y}{chapter.8}% 118
\BOOKMARK [2][-]{subsection.8.4.1}{\376\377\000D\000a\000t\000a\000\040\000a\000n\000d\000\040\000t\000h\000e\000\040\000g\000e\000n\000e\000r\000a\000l\000\040\000s\000e\000t\000t\000i\000n\000g}{section.8.4}% 119
\BOOKMARK [2][-]{subsection.8.4.2}{\376\377\000O\000b\000s\000e\000r\000v\000a\000t\000i\000o\000n\000a\000l\000\040\000p\000a\000r\000t\000i\000t\000i\000o\000n\000i\000n\000g}{section.8.4}% 120
\BOOKMARK [1][-]{section.8.5}{\376\377\000L\000e\000a\000r\000n\000i\000n\000g\000\040\000c\000r\000i\000t\000e\000r\000i\000a\000\040\000o\000n\000\040\000t\000i\000m\000e\000\040\000-\000\040\000P\000A\000C\000\040\000t\000h\000e\000o\000r\000y}{chapter.8}% 121
\BOOKMARK [2][-]{subsection.8.5.1}{\376\377\000C\000l\000a\000s\000s\000i\000c\000a\000l\000\040\000P\000A\000C\000-\000l\000e\000a\000r\000n\000i\000n\000g}{section.8.5}% 122
\BOOKMARK [1][-]{section.8.6}{\376\377\000G\000e\000n\000e\000r\000a\000l\000i\000z\000a\000t\000i\000o\000n\000\040\000b\000o\000u\000n\000d\000\040\000f\000o\000r\000\040\000P\000A\000C\000-\000l\000e\000a\000r\000n\000i\000n\000g}{chapter.8}% 123
\BOOKMARK [2][-]{subsection.8.6.1}{\376\377\000C\000o\000n\000s\000i\000s\000t\000e\000n\000t\000\040\000L\000e\000a\000r\000n\000i\000n\000g}{section.8.6}% 124
\BOOKMARK [2][-]{subsection.8.6.2}{\376\377\000F\000i\000n\000i\000t\000e\000\040\000H\000,\000\040\000c\000o\000n\000s\000i\000s\000t\000e\000n\000t\000\040\000h\000y\000p\000o\000t\000h\000e\000s\000i\000s}{section.8.6}% 125
\BOOKMARK [2][-]{subsection.8.6.3}{\376\377\000E\000x\000a\000m\000p\000l\000e\000s}{section.8.6}% 126
\BOOKMARK [2][-]{subsection.8.6.4}{\376\377\000F\000i\000n\000i\000t\000e\000\040\000h\000y\000p\000o\000t\000h\000e\000s\000i\000s\000\040\000s\000e\000t\000s\000\040\000H\000\040\000-\000\040\000i\000n\000c\000o\000n\000s\000i\000s\000t\000e\000n\000t\000\040\000c\000a\000s\000e}{section.8.6}% 127
\BOOKMARK [1][-]{section.8.7}{\376\377\000\050\000A\000g\000n\000o\000s\000t\000i\000c\000\051\000\040\000G\000e\000n\000e\000r\000a\000l\000\040\000P\000A\000C\000-\000l\000e\000a\000r\000n\000i\000n\000g}{chapter.8}% 128
\BOOKMARK [2][-]{subsection.8.7.1}{\376\377\000N\000o\000i\000s\000e}{section.8.7}% 129
\BOOKMARK [1][-]{section.8.8}{\376\377\000O\000c\000c\000a\000m\000'\000s\000\040\000R\000a\000z\000o\000r}{chapter.8}% 130
\BOOKMARK [2][-]{subsection.8.8.1}{\376\377\000O\000c\000c\000a\000m\000\040\000L\000e\000a\000r\000n\000i\000n\000g\000\040\000a\000n\000d\000\040\000S\000u\000c\000c\000i\000n\000c\000t\000n\000e\000s\000s}{section.8.8}% 131
\BOOKMARK [1][-]{section.8.9}{\376\377\000R\000a\000d\000e\000m\000a\000c\000h\000e\000r\000\040\000C\000o\000m\000p\000l\000e\000x\000i\000t\000y}{chapter.8}% 132
\BOOKMARK [2][-]{subsection.8.9.1}{\376\377\000R\000a\000d\000e\000m\000a\000c\000h\000e\000r\000\040\000d\000e\000s\000c\000r\000i\000p\000t\000i\000o\000n\000s}{section.8.9}% 133
\BOOKMARK [2][-]{subsection.8.9.2}{\376\377\000G\000r\000o\000w\000t\000h\000\040\000f\000u\000n\000c\000t\000i\000o\000n}{section.8.9}% 134
\BOOKMARK [1][-]{section.8.10}{\376\377\000V\000a\000p\000n\000i\000k\000-\000C\000h\000e\000r\000v\000o\000n\000e\000n\000k\000i\000s\000\040\000T\000h\000e\000o\000r\000y}{chapter.8}% 135
\BOOKMARK [2][-]{subsection.8.10.1}{\376\377\000C\000l\000a\000r\000i\000f\000i\000c\000a\000t\000i\000o\000n\000\040\000o\000f\000\040\000t\000h\000e\000\040\000l\000i\000n\000e\000a\000r\000\040\000h\000a\000l\000f\000s\000p\000a\000c\000e\000s}{section.8.10}% 136
\BOOKMARK [2][-]{subsection.8.10.2}{\376\377\000V\000C\000-\000d\000i\000m\000e\000n\000s\000i\000o\000n}{section.8.10}% 137
\BOOKMARK [0][-]{chapter.9}{\376\377\000I\000n\000t\000r\000o\000d\000u\000c\000t\000i\000o\000n\000\040\000t\000o\000\040\000c\000l\000a\000s\000s\000i\000c\000a\000l\000\040\000c\000o\000n\000n\000e\000c\000t\000i\000o\000n\000i\000s\000m}{part.2}% 138
\BOOKMARK [1][-]{section.9.1}{\376\377\000B\000i\000o\000l\000o\000g\000i\000c\000a\000l\000\040\000i\000n\000s\000p\000i\000r\000a\000t\000i\000o\000n}{chapter.9}% 139
\BOOKMARK [1][-]{section.9.2}{\376\377\000T\000h\000e\000\040\000n\000e\000u\000r\000o\000n\000\040\000m\000o\000d\000e\000l}{chapter.9}% 140
\BOOKMARK [2][-]{subsection.9.2.1}{\376\377\000P\000r\000i\000n\000c\000i\000p\000l\000e\000s\000\040\000a\000n\000d\000\040\000p\000h\000i\000l\000o\000s\000o\000p\000h\000y}{section.9.2}% 141
\BOOKMARK [2][-]{subsection.9.2.2}{\376\377\000C\000l\000a\000s\000s\000\040\000s\000e\000p\000a\000r\000a\000t\000i\000o\000n}{section.9.2}% 142
\BOOKMARK [1][-]{section.9.3}{\376\377\000N\000o\000t\000a\000t\000i\000o\000n}{chapter.9}% 143
\BOOKMARK [1][-]{section.9.4}{\376\377\000C\000l\000a\000s\000s\000i\000c\000a\000l\000\040\000n\000e\000u\000r\000o\000n\000\040\000t\000e\000m\000p\000l\000a\000t\000e}{chapter.9}% 144
\BOOKMARK [1][-]{section.9.5}{\376\377\000C\000l\000a\000s\000s\000\040\000N\0000\000\040\000s\000i\000m\000p\000l\000e\000x}{chapter.9}% 145
\BOOKMARK [2][-]{subsection.9.5.1}{\376\377\000C\000h\000a\000i\000n\000i\000n\000g\000\040\000s\000t\000a\000n\000d\000a\000r\000d\000\040\000u\000n\000i\000t}{section.9.5}% 146
\BOOKMARK [1][-]{section.9.6}{\376\377\000C\000l\000a\000s\000s\000\040\000N\0001\000\040\000s\000i\000m\000p\000l\000e\000x}{chapter.9}% 147
\BOOKMARK [2][-]{subsection.9.6.1}{\376\377\000M\000c\000C\000u\000l\000l\000o\000c\000h\000-\000P\000i\000t\000t\000s\000\040\000m\000u\000l\000t\000i\000v\000a\000r\000i\000a\000t\000e}{section.9.6}% 148
\BOOKMARK [2][-]{subsection.9.6.2}{\376\377\000M\000i\000n\000s\000k\000y\000-\000P\000a\000p\000e\000r\000t\000\040\000P\000e\000r\000c\000e\000p\000t\000r\000o\000n}{section.9.6}% 149
\BOOKMARK [0][-]{chapter.10}{\376\377\000G\000e\000n\000e\000r\000a\000l\000\040\000p\000r\000i\000n\000c\000i\000p\000l\000e\000s}{part.2}% 150
\BOOKMARK [1][-]{section.10.1}{\376\377\000D\000e\000f\000i\000n\000i\000n\000g\000\040\000a\000r\000t\000i\000f\000i\000c\000i\000a\000l\000\040\000i\000n\000t\000e\000l\000l\000i\000g\000e\000n\000c\000e}{chapter.10}% 151
\BOOKMARK [2][-]{subsection.10.1.1}{\376\377\000I\000n\000t\000e\000l\000l\000i\000g\000e\000n\000c\000e\000\040\000c\000r\000i\000t\000e\000r\000i\000o\000n}{section.10.1}% 152
\BOOKMARK [2][-]{subsection.10.1.2}{\376\377\000\040\000T\000h\000e\000\040\000s\000h\000o\000u\000l\000d\000\040\000n\000o\000t\000\040\000o\000f\000\040\000d\000e\000f\000i\000n\000i\000n\000g\000\040\000A\000I}{section.10.1}% 153
\BOOKMARK [2][-]{subsection.10.1.3}{\376\377\000D\000e\000f\000e\000r\000e\000n\000c\000e\000s\000\040\000i\000n\000\040\000a\000p\000p\000r\000o\000a\000c\000h\000?}{section.10.1}% 154
\BOOKMARK [0][-]{chapter.11}{\376\377\000T\000h\000e\000\040\000p\000r\000i\000n\000c\000i\000p\000l\000e\000\040\000n\000e\000u\000r\000a\000l\000\040\000a\000r\000c\000h\000i\000t\000e\000c\000t\000u\000r\000e}{part.2}% 155
\BOOKMARK [1][-]{section.11.1}{\376\377\000N\000e\000u\000r\000o\000n\000s\000\040\000p\000e\000r\000s\000p\000e\000c\000t\000i\000v\000e}{chapter.11}% 156
\BOOKMARK [2][-]{subsection.11.1.1}{\376\377\000A\000n\000a\000l\000y\000s\000i\000s}{section.11.1}% 157
\BOOKMARK [2][-]{subsection.11.1.2}{\376\377\000W\000h\000y\000\040\000w\000e\000\040\000c\000a\000l\000l\000\040\000i\000t\000\040\000m\000i\000n\000i\000m\000a\000l}{section.11.1}% 158
\BOOKMARK [-1][-]{part.3}{\376\377\000I\000I\000I\000\040\000D\000r\000a\000f\000t\000s}{}% 159
\BOOKMARK [0][-]{chapter.12}{\376\377\000D\000o\000u\000b\000l\000e\000\040\000D\000e\000s\000c\000e\000n\000t}{part.3}% 160
\BOOKMARK [1][-]{section.12.1}{\376\377\000N\000o\000t\000e}{chapter.12}% 161
\BOOKMARK [1][-]{section.12.2}{\376\377\000D\000e\000v\000e\000l\000o\000p\000i\000n\000g\000\040\000a\000n\000a\000l\000y\000s\000i\000s}{chapter.12}% 162
\BOOKMARK [2][-]{subsection.12.2.1}{\376\377\000S\000t\000a\000t\000i\000s\000t\000i\000c\000a\000l\000\040\000l\000e\000a\000r\000n\000i\000n\000g\000\040\000t\000h\000e\000o\000r\000y}{section.12.2}% 163
\BOOKMARK [2][-]{subsection.12.2.2}{\376\377\000D\000o\000u\000b\000l\000e\000\040\000d\000e\000s\000c\000e\000n\000t}{section.12.2}% 164
\BOOKMARK [1][-]{section.12.3}{\376\377\000I\000s\000s\000u\000e\000s}{chapter.12}% 165
\BOOKMARK [2][-]{subsection.12.3.1}{\376\377\000T\000h\000e\000\040\000m\000e\000s\000s\000i\000n\000e\000s\000s\000\040\000o\000f\000\040\000a\000n\000a\000l\000y\000s\000i\000s}{section.12.3}% 166
\BOOKMARK [2][-]{subsection.12.3.2}{\376\377\000T\000h\000e\000\040\000a\000m\000b\000i\000g\000u\000i\000t\000y\000\040\000o\000f\000\040\000a\000n\000a\000l\000y\000s\000i\000s}{section.12.3}% 167
\BOOKMARK [2][-]{subsection.12.3.3}{\376\377\000S\000t\000e\000p\000p\000i\000n\000g\000\040\000i\000n\000\040\000t\000h\000e\000\040\000w\000r\000o\000n\000g\000\040\000d\000i\000r\000e\000c\000t\000i\000o\000n}{section.12.3}% 168
\BOOKMARK [2][-]{subsection.12.3.4}{\376\377\000M\000a\000i\000n\000\040\000p\000r\000o\000b\000l\000e\000m\000s}{section.12.3}% 169
\BOOKMARK [2][-]{subsection.12.3.5}{\376\377\000H\000y\000p\000o\000t\000h\000e\000s\000i\000s}{section.12.3}% 170
\BOOKMARK [2][-]{subsection.12.3.6}{\376\377\000A\000\040\000r\000a\000t\000h\000e\000r\000\040\000s\000i\000m\000p\000l\000e\000\040\000s\000o\000l\000u\000t\000i\000o\000n}{section.12.3}% 171
\BOOKMARK [1][-]{section.12.4}{\376\377\000T\000h\000e\000\040\000p\000e\000r\000s\000p\000e\000c\000t\000i\000v\000e\000\040\000o\000f\000\040\000m\000o\000d\000e\000l\000l\000i\000n\000g\000\040\000t\000h\000e\000o\000r\000y}{chapter.12}% 172
\BOOKMARK [2][-]{subsection.12.4.1}{\376\377\000S\000t\000r\000u\000c\000t\000u\000r\000e\000s\000\040\000o\000f\000\040\000o\000b\000j\000e\000c\000t}{section.12.4}% 173
\BOOKMARK [1][-]{section.12.5}{\376\377\000T\000h\000e\000\040\000p\000e\000r\000s\000p\000e\000c\000t\000i\000v\000e\000\040\000o\000f\000\040\000m\000o\000d\000i\000f\000i\000e\000d\000\040\000l\000e\000a\000r\000n\000i\000n\000g\000\040\000s\000e\000t\000t\000i\000n\000g}{chapter.12}% 174
\BOOKMARK [1][-]{section.12.6}{\376\377\000B\000i\000a\000s\000-\000v\000a\000r\000i\000a\000n\000c\000e\000:\000\040\000A\000\040\000h\000i\000s\000t\000o\000r\000y}{chapter.12}% 175
\BOOKMARK [2][-]{subsection.12.6.1}{\376\377\000A\000n\000o\000t\000h\000e\000r\000\040\000a\000p\000p\000r\000o\000a\000c\000h\000\040\000-\000\040\000N\000o\000-\000f\000r\000e\000e\000-\000l\000u\000n\000c\000h}{section.12.6}% 176
\BOOKMARK [1][-]{section.12.7}{\376\377\000A\000b\000s\000t\000r\000a\000c\000t}{chapter.12}% 177
\BOOKMARK [1][-]{section.12.8}{\376\377\000I\000n\000t\000r\000o\000d\000u\000c\000t\000i\000o\000n}{chapter.12}% 178
\BOOKMARK [2][-]{subsection.12.8.1}{\376\377\000S\000t\000a\000t\000i\000s\000t\000i\000c\000a\000l\000\040\000L\000e\000a\000r\000n\000i\000n\000g\000\040\000a\000n\000d\000\040\000D\000o\000u\000b\000l\000e\000\040\000D\000e\000s\000c\000e\000n\000t}{section.12.8}% 179
\BOOKMARK [2][-]{subsection.12.8.2}{\376\377\000R\000e\000l\000a\000t\000i\000o\000n\000\040\000t\000o\000\040\000G\000r\000a\000p\000h\000\040\000N\000e\000u\000r\000a\000l\000\040\000N\000e\000t\000w\000o\000r\000k}{section.12.8}% 180
\BOOKMARK [1][-]{section.12.9}{\376\377\000O\000u\000t\000l\000i\000n\000e}{chapter.12}% 181
\BOOKMARK [1][-]{section.12.10}{\376\377\000B\000a\000c\000k\000g\000r\000o\000u\000n\000d}{chapter.12}% 182
\BOOKMARK [1][-]{section.12.11}{\376\377\000B\000i\000a\000s\000-\000v\000a\000r\000i\000a\000n\000c\000e\000\040\000t\000r\000a\000d\000e\000o\000f\000f}{chapter.12}% 183
\BOOKMARK [2][-]{subsection.12.11.1}{\376\377\000D\000e\000f\000i\000n\000i\000n\000g\000\040\000t\000h\000e\000\040\000b\000i\000a\000s\000\040\000a\000n\000d\000\040\000v\000a\000r\000i\000a\000n\000c\000e\000s}{section.12.11}% 184
\BOOKMARK [2][-]{subsection.12.11.2}{\376\377\000P\000r\000e\000c\000u\000r\000s\000o\000r\000\040\000\050\000G\000e\000m\000a\000n\000,\000\040\0001\0009\0009\0002\000\051}{section.12.11}% 185
\BOOKMARK [2][-]{subsection.12.11.3}{\376\377\000F\000o\000r\000m\000a\000l\000i\000s\000m\000\040\000i\000s\000s\000u\000e\000s\000\040\000a\000n\000d\000\040\000u\000n\000c\000e\000r\000t\000a\000i\000n\000t\000y}{section.12.11}% 186
\BOOKMARK [2][-]{subsection.12.11.4}{\376\377\000A\000p\000p\000r\000o\000x\000i\000m\000a\000t\000i\000o\000n\000-\000E\000s\000t\000i\000m\000a\000t\000i\000o\000n\000\040\000t\000r\000a\000d\000e\000o\000f\000f}{section.12.11}% 187
\BOOKMARK [1][-]{section.12.12}{\376\377\000D\000o\000u\000b\000l\000e\000\040\000d\000e\000s\000c\000e\000n\000t}{chapter.12}% 188
\BOOKMARK [1][-]{section.12.13}{\376\377\000T\000h\000e\000\040\000b\000r\000e\000a\000k\000-\000o\000f\000f\000\040\000b\000e\000t\000w\000e\000e\000n\000\040\000t\000h\000e\000o\000r\000e\000t\000i\000c\000a\000l\000\040\000a\000n\000d\000\040\000m\000o\000d\000e\000r\000n\000\040\000p\000r\000a\000c\000t\000i\000c\000e}{chapter.12}% 189
\BOOKMARK [1][-]{section.12.14}{\376\377\000P\000r\000e\000l\000i\000m\000i\000n\000a\000r\000y\000\040\000e\000x\000p\000e\000r\000i\000m\000e\000n\000t\000s}{chapter.12}% 190
\BOOKMARK [2][-]{subsection.12.14.1}{\376\377\000P\000o\000l\000y\000n\000o\000m\000i\000a\000l\000\040\000m\000o\000d\000e\000l}{section.12.14}% 191
\BOOKMARK [2][-]{subsection.12.14.2}{\376\377\000S\000u\000p\000p\000o\000r\000t\000\040\000V\000e\000c\000t\000o\000r\000\040\000M\000a\000c\000h\000i\000n\000e\000\040\000\050\000S\000V\000M\000\051}{section.12.14}% 192
\BOOKMARK [1][-]{section.12.15}{\376\377\000E\000x\000p\000e\000r\000i\000m\000e\000n\000t\000s}{chapter.12}% 193
\BOOKMARK [2][-]{subsection.12.15.1}{\376\377\000M\000a\000i\000n\000\040\000r\000e\000s\000u\000l\000t}{section.12.15}% 194
\BOOKMARK [2][-]{subsection.12.15.2}{\376\377\000A\000n\000a\000l\000y\000s\000i\000s\000\040\000o\000f\000\040\000G\000N\000N}{section.12.15}% 195
\BOOKMARK [2][-]{subsection.12.15.3}{\376\377\000E\000x\000p\000e\000r\000i\000m\000e\000n\000t\000\040\0001\000:\000\040\000I\000d\000e\000n\000t\000i\000f\000y\000i\000n\000g\000\040\000b\000i\000a\000s\000-\000v\000a\000r\000i\000a\000n\000c\000e\000\040\000i\000n\000\040\000G\000N\000N}{section.12.15}% 196
\BOOKMARK [1][-]{section.12.16}{\376\377\000C\000o\000n\000c\000l\000u\000s\000i\000o\000n}{chapter.12}% 197
\BOOKMARK [1][-]{section.12.17}{\376\377\000R\000e\000l\000a\000t\000e\000d\000\040\000w\000o\000r\000k\000s}{chapter.12}% 198
\BOOKMARK [0][-]{chapter.13}{\376\377\000D\000e\000c\000o\000n\000s\000t\000r\000u\000c\000t\000i\000o\000n\000\040\000o\000f\000\040\000N\000e\000u\000r\000a\000l\000\040\000N\000e\000t\000w\000o\000r\000k\000\040\000A\000r\000c\000h\000i\000t\000e\000c\000t\000u\000r\000e}{part.3}% 199
\BOOKMARK [1][-]{section.13.1}{\376\377\000A\000b\000s\000t\000r\000a\000c\000t}{chapter.13}% 200
\BOOKMARK [1][-]{section.13.2}{\376\377\000I\000n\000t\000r\000o\000d\000u\000c\000t\000i\000o\000n}{chapter.13}% 201
\BOOKMARK [1][-]{section.13.3}{\376\377\000C\000o\000n\000s\000t\000r\000u\000c\000t\000i\000o\000n\000s}{chapter.13}% 202
\BOOKMARK [2][-]{subsection.13.3.1}{\376\377\000M\000u\000l\000t\000i\000l\000a\000y\000e\000r\000\040\000p\000e\000r\000c\000e\000p\000t\000r\000o\000n\000\040\000\050\000M\000L\000P\000\051}{section.13.3}% 203
\BOOKMARK [2][-]{subsection.13.3.2}{\376\377\000R\000e\000m\000a\000r\000k}{section.13.3}% 204
\BOOKMARK [-1][-]{part.4}{\376\377\000I\000V\000\040\000A\000p\000p\000e\000n\000d\000i\000x}{}% 205
\BOOKMARK [0][-]{section*.100}{\376\377\000I\000n\000d\000e\000x}{part.4}% 206
\BOOKMARK [0][-]{chapter*.101}{\376\377\000L\000i\000s\000t\000\040\000o\000f\000\040\000t\000r\000a\000n\000s\000f\000e\000r\000\040\000f\000u\000n\000c\000t\000i\000o\000n\000s}{part.4}% 207
\BOOKMARK [1][-]{section*.102}{\376\377\000C\000l\000a\000s\000s\000i\000c\000a\000l\000\040\000t\000r\000a\000n\000s\000f\000e\000r\000\040\000f\000u\000n\000c\000t\000i\000o\000n\000s}{chapter*.101}% 208
\BOOKMARK [2][-]{subsection*.103}{\376\377\000H\000a\000r\000d\000\040\000l\000i\000m\000i\000t\000\040\000\050\000h\000a\000r\000d\000l\000i\000m\000[\000x\000]\000\051}{section*.102}% 209
\BOOKMARK [2][-]{subsection*.106}{\376\377\000S\000y\000m\000m\000e\000t\000r\000i\000c\000\040\000h\000a\000r\000d\000\040\000l\000i\000m\000i\000t\000\040\000\050\000h\000r\000a\000d\000l\000i\000m\000s\000[\000x\000]\000\051}{section*.102}% 210
\BOOKMARK [2][-]{subsection*.108}{\376\377\000L\000i\000n\000e\000a\000r\000\040\000f\000a\000m\000i\000l\000y\000\040\000\050\000s\000a\000t\000l\000i\000n\000[\000x\000]\000,\000\040\000s\000a\000t\000l\000i\000n\000s\000[\000x\000]\000,\000\040\000p\000u\000r\000e\000l\000i\000n\000[\000x\000]\000\051}{section*.102}% 211
\BOOKMARK [2][-]{subsection*.111}{\376\377\000S\000i\000g\000m\000o\000i\000d\000\040\000\050\000s\000i\000g\000m\000o\000i\000d\000[\000x\000]\000\051\000\040\000a\000n\000d\000\040\000l\000o\000g\000-\000s\000i\000g\000m\000o\000i\000d\000\040\000\050\000l\000o\000g\000s\000i\000g\000m\000o\000i\000d\000[\000x\000]\000\051}{section*.102}% 212
\BOOKMARK [2][-]{subsection*.114}{\376\377\000H\000y\000p\000e\000r\000b\000o\000l\000i\000c\000\040\000t\000a\000n\000g\000e\000n\000t\000\040\000\050\000t\000a\000n\000s\000i\000g\000[\000x\000]\000\051}{section*.102}% 213
\BOOKMARK [0][-]{chapter*.116}{\376\377\000B\000i\000b\000l\000i\000o\000g\000r\000a\000p\000h\000y}{part.4}% 214
